app/build/intermediates/manifest_merge_blame_file/debug/manifest-merger-blame-debug-report.txt
1<?xml version="1.0" encoding="utf-8"?>
2<manifest xmlns:android="http://schemas.android.com/apk/res/android"
3    package="org.owntracks.android.debug"
4    android:versionCode="22200"
5    android:versionName="2.2.2" >
6
7    <uses-sdk
8        android:minSdkVersion="21"
8-->src/main/AndroidManifest.xml
9        android:targetSdkVersion="30" />
9-->src/main/AndroidManifest.xml
10
11    <uses-feature
11-->src/main/AndroidManifest.xml:6:5-8:35
12        android:glEsVersion="0x00020000"
12-->src/main/AndroidManifest.xml:7:9-41
13        android:required="true" />
13-->src/main/AndroidManifest.xml:8:9-32
14    <uses-feature
14-->src/main/AndroidManifest.xml:9:5-12:54
15        android:name="android.hardware.location.gps"
15-->src/main/AndroidManifest.xml:10:9-53
16        android:required="true" />
16-->src/main/AndroidManifest.xml:11:9-32
17
18    <uses-permission android:name="android.permission.INTERNET" /> <!-- To access the network -->
18-->src/main/AndroidManifest.xml:14:5-67
18-->src/main/AndroidManifest.xml:14:22-64
19    <uses-permission android:name="android.permission.ACCESS_NETWORK_STATE" /> <!-- To handle connectivity changes and reconnect -->
19-->src/main/AndroidManifest.xml:15:5-79
19-->src/main/AndroidManifest.xml:15:22-76
20    <uses-permission android:name="android.permission.WAKE_LOCK" /> <!-- To prevent the device from sleeping while handling MQTT traffic -->
20-->src/main/AndroidManifest.xml:16:5-68
20-->src/main/AndroidManifest.xml:16:22-65
21    <uses-permission android:name="android.permission.RECEIVE_BOOT_COMPLETED" /> <!-- To autostart the app once the device boots -->
21-->src/main/AndroidManifest.xml:17:5-81
21-->src/main/AndroidManifest.xml:17:22-78
22    <uses-permission android:name="android.permission.READ_EXTERNAL_STORAGE" /> <!-- Not actively requested. Has to be enabled manually. Access to broker certificates in private storage on older APIs or on devices not providing files through content:// URIs -->
22-->src/main/AndroidManifest.xml:18:5-80
22-->src/main/AndroidManifest.xml:18:22-77
23    <uses-permission android:name="android.permission.WRITE_EXTERNAL_STORAGE" />
23-->src/main/AndroidManifest.xml:19:5-81
23-->src/main/AndroidManifest.xml:19:22-78
24    <uses-permission android:name="android.permission.WRITE_INTERNAL_STORAGE" />
24-->src/main/AndroidManifest.xml:20:5-81
24-->src/main/AndroidManifest.xml:20:22-78
25
26    <!-- To locate the device -->
27    <uses-permission android:name="android.permission.ACCESS_FINE_LOCATION" />
27-->src/main/AndroidManifest.xml:23:5-79
27-->src/main/AndroidManifest.xml:23:22-76
28    <uses-permission android:name="android.permission.ACCESS_BACKGROUND_LOCATION" /> <!-- To access Google Play Services -->
28-->src/main/AndroidManifest.xml:24:5-85
28-->src/main/AndroidManifest.xml:24:22-82
29    <uses-permission android:name="com.google.android.providers.gsf.permission.READ_GSERVICES" /> <!-- API v28 requires this for foreground services -->
29-->src/main/AndroidManifest.xml:25:5-98
29-->src/main/AndroidManifest.xml:25:22-95
30    <uses-permission android:name="android.permission.FOREGROUND_SERVICE" />
30-->src/main/AndroidManifest.xml:26:5-77
30-->src/main/AndroidManifest.xml:26:22-74
31
32    <application
32-->src/main/AndroidManifest.xml:28:5-247:19
33        android:name="org.owntracks.android.App"
33-->src/main/AndroidManifest.xml:29:9-28
34        android:allowBackup="true"
34-->src/main/AndroidManifest.xml:30:9-35
35        android:appComponentFactory="androidx.core.app.CoreComponentFactory"
35-->[androidx.core:core:1.3.2] AndroidManifest.xml:24:18-86
36        android:debuggable="true"
37        android:extractNativeLibs="false"
37-->src/main/AndroidManifest.xml:31:9-42
38        android:fullBackupContent="@xml/backup_descriptor"
38-->src/main/AndroidManifest.xml:32:9-59
39        android:hardwareAccelerated="true"
39-->src/main/AndroidManifest.xml:33:9-43
40        android:icon="@mipmap/ic_launcher"
40-->src/main/AndroidManifest.xml:34:9-43
41        android:label="@string/app_name"
41-->src/main/AndroidManifest.xml:35:9-41
42        android:networkSecurityConfig="@xml/network_security_config"
42-->src/main/AndroidManifest.xml:36:9-69
43        android:roundIcon="@mipmap/ic_launcher"
43-->src/main/AndroidManifest.xml:37:9-48
44        android:supportsRtl="true"
44-->src/main/AndroidManifest.xml:38:9-35
45        android:testOnly="true"
46        android:theme="@style/Theme.Owntracks" >
46-->src/main/AndroidManifest.xml:39:9-47
47        <activity android:name="org.owntracks.android.ui.qrcode.QrCodePopUp" />
47-->src/main/AndroidManifest.xml:42:9-68
47-->src/main/AndroidManifest.xml:42:19-56
48        <activity android:name="org.owntracks.android.ui.qrcode.ImportQrCodePopUp" />
48-->src/main/AndroidManifest.xml:43:9-74
48-->src/main/AndroidManifest.xml:43:19-62
49        <activity android:name="org.owntracks.android.ui.availableparkingspot.AvailableParkingSpotPopUp" />
49-->src/main/AndroidManifest.xml:44:9-96
49-->src/main/AndroidManifest.xml:44:19-84
50        <!-- Disables default initialization of WorkManager because custom initializer is used in App.onCreate() -->
51        <provider
52            android:name="androidx.work.impl.WorkManagerInitializer"
52-->src/main/AndroidManifest.xml:47:13-69
53            android:authorities="org.owntracks.android.debug.workmanager-init"
53-->src/main/AndroidManifest.xml:48:13-68
54            android:directBootAware="false"
54-->[androidx.work:work-runtime:2.4.0] AndroidManifest.xml:34:13-44
55            android:enabled="false"
55-->src/main/AndroidManifest.xml:49:13-36
56            android:exported="false"
56-->src/main/AndroidManifest.xml:50:13-37
57            android:multiprocess="true" /> <!-- Maps SDK requires this as of API v28 -->
57-->[androidx.work:work-runtime:2.4.0] AndroidManifest.xml:36:13-40
58        <uses-library
58-->src/main/AndroidManifest.xml:52:9-54:40
59            android:name="org.apache.http.legacy"
59-->src/main/AndroidManifest.xml:53:13-50
60            android:required="false" />
60-->src/main/AndroidManifest.xml:54:13-37
61
62        <meta-data
62-->src/main/AndroidManifest.xml:56:9-58:59
63            android:name="com.google.android.geo.API_KEY"
63-->src/main/AndroidManifest.xml:57:13-58
64            android:value="@string/GOOGLE_MAPS_API_KEY" />
64-->src/main/AndroidManifest.xml:58:13-56
65        <meta-data
65-->src/main/AndroidManifest.xml:59:9-61:51
66            android:name="android.support.PARENT_ACTIVITY"
66-->src/main/AndroidManifest.xml:60:13-59
67            android:value=".ui.map.MapActivity" />
67-->src/main/AndroidManifest.xml:61:13-48
68        <meta-data
68-->src/main/AndroidManifest.xml:62:9-64:36
69            android:name="firebase_analytics_collection_deactivated"
69-->src/main/AndroidManifest.xml:63:13-69
70            android:value="true" />
70-->src/main/AndroidManifest.xml:64:13-33
71
72        <activity
72-->src/main/AndroidManifest.xml:66:9-70:64
73            android:name="org.owntracks.android.ui.preferences.PreferencesActivity"
73-->src/main/AndroidManifest.xml:67:13-63
74            android:hardwareAccelerated="true"
74-->src/main/AndroidManifest.xml:68:13-47
75            android:label="@string/title_activity_preferences"
75-->src/main/AndroidManifest.xml:69:13-63
76            android:parentActivityName="org.owntracks.android.ui.map.MapActivity" />
76-->src/main/AndroidManifest.xml:70:13-61
77        <activity
77-->src/main/AndroidManifest.xml:71:9-79:20
78            android:name="org.owntracks.android.ui.preferences.editor.EditorActivity"
78-->src/main/AndroidManifest.xml:72:13-65
79            android:configChanges="orientation"
79-->src/main/AndroidManifest.xml:73:13-48
80            android:label="@string/configurationManagement"
80-->src/main/AndroidManifest.xml:74:13-60
81            android:parentActivityName="org.owntracks.android.ui.preferences.PreferencesActivity" >
81-->src/main/AndroidManifest.xml:75:13-77
82            <meta-data
82-->src/main/AndroidManifest.xml:59:9-61:51
83                android:name="android.support.PARENT_ACTIVITY"
83-->src/main/AndroidManifest.xml:60:13-59
84                android:value=".ui.preferences.PreferencesActivity" />
84-->src/main/AndroidManifest.xml:61:13-48
85        </activity>
86        <activity
86-->src/main/AndroidManifest.xml:80:9-139:20
87            android:name="org.owntracks.android.ui.preferences.load.LoadActivity"
87-->src/main/AndroidManifest.xml:81:13-61
88            android:configChanges="orientation"
88-->src/main/AndroidManifest.xml:82:13-48
89            android:label="@string/app_name"
89-->src/main/AndroidManifest.xml:83:13-45
90            android:launchMode="singleTask" >
90-->src/main/AndroidManifest.xml:84:13-44
91
92            <!-- Support two dots in file name: -->
93            <intent-filter>
93-->src/main/AndroidManifest.xml:87:13-97:29
94                <action android:name="android.intent.action.VIEW" />
94-->src/main/AndroidManifest.xml:88:17-69
94-->src/main/AndroidManifest.xml:88:25-66
95
96                <category android:name="android.intent.category.DEFAULT" />
96-->src/main/AndroidManifest.xml:90:17-76
96-->src/main/AndroidManifest.xml:90:27-73
97
98                <data
98-->src/main/AndroidManifest.xml:92:17-96:48
99                    android:host="*"
99-->src/main/AndroidManifest.xml:93:21-37
100                    android:mimeType="*/*"
100-->src/main/AndroidManifest.xml:94:21-43
101                    android:pathPattern=".*\\..*\\.otrc"
101-->src/main/AndroidManifest.xml:95:21-57
102                    android:scheme="content" />
102-->src/main/AndroidManifest.xml:96:21-45
103            </intent-filter>
104
105            <!-- Support three dots in file name: -->
106            <intent-filter>
106-->src/main/AndroidManifest.xml:100:13-110:29
107                <action android:name="android.intent.action.VIEW" />
107-->src/main/AndroidManifest.xml:88:17-69
107-->src/main/AndroidManifest.xml:88:25-66
108
109                <category android:name="android.intent.category.DEFAULT" />
109-->src/main/AndroidManifest.xml:90:17-76
109-->src/main/AndroidManifest.xml:90:27-73
110
111                <data
111-->src/main/AndroidManifest.xml:92:17-96:48
112                    android:host="*"
112-->src/main/AndroidManifest.xml:93:21-37
113                    android:mimeType="*/*"
113-->src/main/AndroidManifest.xml:94:21-43
114                    android:pathPattern=".*\\..*\\..*\\.otrc"
114-->src/main/AndroidManifest.xml:95:21-57
115                    android:scheme="content" />
115-->src/main/AndroidManifest.xml:96:21-45
116            </intent-filter>
117            <intent-filter>
117-->src/main/AndroidManifest.xml:111:13-117:29
118                <action android:name="android.intent.action.VIEW" />
118-->src/main/AndroidManifest.xml:88:17-69
118-->src/main/AndroidManifest.xml:88:25-66
119
120                <category android:name="android.intent.category.DEFAULT" />
120-->src/main/AndroidManifest.xml:90:17-76
120-->src/main/AndroidManifest.xml:90:27-73
121
122                <data android:mimeType="text/plain" />
122-->src/main/AndroidManifest.xml:92:17-96:48
122-->src/main/AndroidManifest.xml:94:21-43
123            </intent-filter>
124            <intent-filter>
124-->src/main/AndroidManifest.xml:118:13-124:29
125                <action android:name="android.intent.action.VIEW" />
125-->src/main/AndroidManifest.xml:88:17-69
125-->src/main/AndroidManifest.xml:88:25-66
126
127                <category android:name="android.intent.category.DEFAULT" />
127-->src/main/AndroidManifest.xml:90:17-76
127-->src/main/AndroidManifest.xml:90:27-73
128
129                <data android:mimeType="application/json" />
129-->src/main/AndroidManifest.xml:92:17-96:48
129-->src/main/AndroidManifest.xml:94:21-43
130            </intent-filter>
131            <intent-filter>
131-->src/main/AndroidManifest.xml:125:13-131:29
132                <action android:name="android.intent.action.VIEW" />
132-->src/main/AndroidManifest.xml:88:17-69
132-->src/main/AndroidManifest.xml:88:25-66
133
134                <category android:name="android.intent.category.DEFAULT" />
134-->src/main/AndroidManifest.xml:90:17-76
134-->src/main/AndroidManifest.xml:90:27-73
135
136                <data android:mimeType="application/otrc" />
136-->src/main/AndroidManifest.xml:92:17-96:48
136-->src/main/AndroidManifest.xml:94:21-43
137            </intent-filter>
138            <intent-filter>
138-->src/main/AndroidManifest.xml:132:13-138:29
139                <action android:name="android.intent.action.VIEW" />
139-->src/main/AndroidManifest.xml:88:17-69
139-->src/main/AndroidManifest.xml:88:25-66
140
141                <category android:name="android.intent.category.DEFAULT" />
141-->src/main/AndroidManifest.xml:90:17-76
141-->src/main/AndroidManifest.xml:90:27-73
142
143                <data android:mimeType="application/octet-stream" />
143-->src/main/AndroidManifest.xml:92:17-96:48
143-->src/main/AndroidManifest.xml:94:21-43
144            </intent-filter>
145        </activity>
146
147        <provider
147-->src/main/AndroidManifest.xml:141:9-149:20
148            android:name="androidx.core.content.FileProvider"
148-->src/main/AndroidManifest.xml:142:13-62
149            android:authorities="org.owntracks.android.fileprovider"
149-->src/main/AndroidManifest.xml:143:13-69
150            android:exported="false"
150-->src/main/AndroidManifest.xml:144:13-37
151            android:grantUriPermissions="true" >
151-->src/main/AndroidManifest.xml:145:13-47
152            <meta-data
152-->src/main/AndroidManifest.xml:146:13-148:53
153                android:name="android.support.FILE_PROVIDER_PATHS"
153-->src/main/AndroidManifest.xml:147:17-67
154                android:resource="@xml/filepaths" />
154-->src/main/AndroidManifest.xml:148:17-50
155        </provider>
156
157        <service
157-->src/main/AndroidManifest.xml:151:9-164:19
158            android:name="org.owntracks.android.services.BackgroundService"
158-->src/main/AndroidManifest.xml:152:13-55
159            android:enabled="true"
159-->src/main/AndroidManifest.xml:153:13-35
160            android:exported="true"
160-->src/main/AndroidManifest.xml:154:13-36
161            android:foregroundServiceType="location" >
161-->src/main/AndroidManifest.xml:155:13-53
162            <intent-filter>
162-->src/main/AndroidManifest.xml:157:13-163:29
163                <action android:name="org.owntracks.android.CLEAR_NOTIFICATIONS" /> <!-- INTENT_ACTION_CLEAR_NOTIFICATIONS -->
163-->src/main/AndroidManifest.xml:158:17-84
163-->src/main/AndroidManifest.xml:158:25-81
164                <action android:name="org.owntracks.android.SEND_LOCATION_USER" /> <!-- INTENT_ACTION_SEND_LOCATION_PING -->
164-->src/main/AndroidManifest.xml:159:17-83
164-->src/main/AndroidManifest.xml:159:25-80
165                <action android:name="org.owntracks.android.SEND_EVENT_CIRCULAR" /> <!-- INTENT_ACTION_SEND_WAYPOINTS -->
165-->src/main/AndroidManifest.xml:160:17-84
165-->src/main/AndroidManifest.xml:160:25-81
166                <action android:name="org.owntracks.android.REREQUEST_LOCATION_UPDATES" /> <!-- REREQUEST_LOCATION_UPDATES -->
166-->src/main/AndroidManifest.xml:161:17-91
166-->src/main/AndroidManifest.xml:161:25-88
167                <action android:name="org.owntracks.android.CHANGE_MONITORING" /> <!-- INTENT_ACTION_CHANGE_MONITORING -->
167-->src/main/AndroidManifest.xml:162:17-82
167-->src/main/AndroidManifest.xml:162:25-79
168            </intent-filter>
169        </service>
170
171        <receiver
171-->src/main/AndroidManifest.xml:166:9-176:20
172            android:name="org.owntracks.android.support.receiver.StartBackgroundServiceReceiver"
172-->src/main/AndroidManifest.xml:167:13-76
173            android:enabled="true"
173-->src/main/AndroidManifest.xml:168:13-35
174            android:exported="true" >
174-->src/main/AndroidManifest.xml:169:13-36
175            <intent-filter>
175-->src/main/AndroidManifest.xml:170:13-172:29
176                <action android:name="android.intent.action.BOOT_COMPLETED" />
176-->src/main/AndroidManifest.xml:171:17-79
176-->src/main/AndroidManifest.xml:171:25-76
177            </intent-filter>
178            <intent-filter>
178-->src/main/AndroidManifest.xml:173:13-175:29
179                <action android:name="android.intent.action.MY_PACKAGE_REPLACED" />
179-->src/main/AndroidManifest.xml:174:17-84
179-->src/main/AndroidManifest.xml:174:25-81
180            </intent-filter>
181        </receiver>
182
183        <activity
183-->src/main/AndroidManifest.xml:178:9-187:20
184            android:name="org.owntracks.android.ui.status.StatusActivity"
184-->src/main/AndroidManifest.xml:179:13-53
185            android:exported="true"
185-->src/main/AndroidManifest.xml:180:13-36
186            android:label="@string/title_activity_status"
186-->src/main/AndroidManifest.xml:181:13-58
187            android:launchMode="singleTop"
187-->src/main/AndroidManifest.xml:182:13-43
188            android:parentActivityName="org.owntracks.android.ui.map.MapActivity" >
188-->src/main/AndroidManifest.xml:183:13-61
189            <meta-data
189-->src/main/AndroidManifest.xml:59:9-61:51
190                android:name="android.support.PARENT_ACTIVITY"
190-->src/main/AndroidManifest.xml:60:13-59
191                android:value=".ui.map.MapActivity" />
191-->src/main/AndroidManifest.xml:61:13-48
192        </activity>
193        <activity
193-->src/main/AndroidManifest.xml:188:9-192:47
194            android:name="org.owntracks.android.ui.contacts.ContactsActivity"
194-->src/main/AndroidManifest.xml:189:13-57
195            android:clearTaskOnLaunch="true"
195-->src/main/AndroidManifest.xml:190:13-45
196            android:label="@string/title_activity_contacts"
196-->src/main/AndroidManifest.xml:191:13-60
197            android:launchMode="singleTask" />
197-->src/main/AndroidManifest.xml:192:13-44
198        <activity
198-->src/main/AndroidManifest.xml:193:9-196:46
199            android:name="org.owntracks.android.ui.invite.InviteActivity"
199-->src/main/AndroidManifest.xml:193:19-59
200            android:clearTaskOnLaunch="true"
200-->src/main/AndroidManifest.xml:194:13-45
201            android:label="@string/title_activity_invite"
201-->src/main/AndroidManifest.xml:195:13-58
202            android:launchMode="singleTask" />
202-->src/main/AndroidManifest.xml:196:13-44
203        <activity
203-->src/main/AndroidManifest.xml:197:9-200:46
204            android:name="org.owntracks.android.ui.parkplatz.ParkplatzActivity"
204-->src/main/AndroidManifest.xml:197:19-65
205            android:clearTaskOnLaunch="true"
205-->src/main/AndroidManifest.xml:198:13-45
206            android:label="@string/title_activity_parkplatz"
206-->src/main/AndroidManifest.xml:199:13-61
207            android:launchMode="singleTask" />
207-->src/main/AndroidManifest.xml:200:13-44
208        <activity
208-->src/main/AndroidManifest.xml:201:9-204:46
209            android:name="org.owntracks.android.ui.lastqrcodes.LastQRCodesActivity"
209-->src/main/AndroidManifest.xml:201:19-69
210            android:clearTaskOnLaunch="true"
210-->src/main/AndroidManifest.xml:202:13-45
211            android:label="@string/title_activity_lastqrcodes"
211-->src/main/AndroidManifest.xml:203:13-63
212            android:launchMode="singleTask" />
212-->src/main/AndroidManifest.xml:204:13-44
213        <activity
213-->src/main/AndroidManifest.xml:205:9-208:46
214            android:name="org.owntracks.android.ui.managementaccount.ManagementAccountActivity"
214-->src/main/AndroidManifest.xml:205:19-81
215            android:clearTaskOnLaunch="true"
215-->src/main/AndroidManifest.xml:206:13-45
216            android:label="@string/title_management_acc"
216-->src/main/AndroidManifest.xml:207:13-57
217            android:launchMode="singleTask" />
217-->src/main/AndroidManifest.xml:208:13-44
218        <activity
218-->src/main/AndroidManifest.xml:209:9-219:20
219            android:name="org.owntracks.android.ui.map.MapActivity"
219-->src/main/AndroidManifest.xml:210:13-47
220            android:clearTaskOnLaunch="true"
220-->src/main/AndroidManifest.xml:211:13-45
221            android:label="@string/app_name"
221-->src/main/AndroidManifest.xml:212:13-45
222            android:launchMode="singleTask" >
222-->src/main/AndroidManifest.xml:213:13-44
223            <intent-filter>
223-->src/main/AndroidManifest.xml:214:13-218:29
224                <action android:name="android.intent.action.MAIN" />
224-->src/main/AndroidManifest.xml:215:17-69
224-->src/main/AndroidManifest.xml:215:25-66
225
226                <category android:name="android.intent.category.LAUNCHER" />
226-->src/main/AndroidManifest.xml:217:17-77
226-->src/main/AndroidManifest.xml:217:27-74
227            </intent-filter>
228        </activity>
229        <activity
229-->src/main/AndroidManifest.xml:220:9-224:47
230            android:name="org.owntracks.android.ui.preferences.connection.ConnectionActivity"
230-->src/main/AndroidManifest.xml:221:13-73
231            android:clearTaskOnLaunch="true"
231-->src/main/AndroidManifest.xml:222:13-45
232            android:label="@string/title_activity_connection_login"
232-->src/main/AndroidManifest.xml:223:13-68
233            android:launchMode="singleTask" />
233-->src/main/AndroidManifest.xml:224:13-44
234        <activity
234-->src/main/AndroidManifest.xml:225:9-229:47
235            android:name="org.owntracks.android.ui.register.RegisterActivity"
235-->src/main/AndroidManifest.xml:226:13-57
236            android:clearTaskOnLaunch="true"
236-->src/main/AndroidManifest.xml:227:13-45
237            android:label="@string/title_activity_register"
237-->src/main/AndroidManifest.xml:228:13-60
238            android:launchMode="singleTask" />
238-->src/main/AndroidManifest.xml:229:13-44
239        <activity
239-->src/main/AndroidManifest.xml:230:9-234:47
240            android:name="org.owntracks.android.ui.preferences.LogViewerActivity"
240-->src/main/AndroidManifest.xml:231:13-61
241            android:clearTaskOnLaunch="true"
241-->src/main/AndroidManifest.xml:232:13-45
242            android:label="@string/logViewerActivityTitle"
242-->src/main/AndroidManifest.xml:233:13-59
243            android:launchMode="singleTask" />
243-->src/main/AndroidManifest.xml:234:13-44
244        <activity
244-->src/main/AndroidManifest.xml:235:9-240:55
245            android:name="org.owntracks.android.ui.welcome.WelcomeActivity"
245-->src/main/AndroidManifest.xml:236:13-55
246            android:configChanges="orientation|keyboardHidden"
246-->src/main/AndroidManifest.xml:237:13-63
247            android:label="@string/app_name"
247-->src/main/AndroidManifest.xml:238:13-45
248            android:launchMode="singleTask"
248-->src/main/AndroidManifest.xml:239:13-44
249            android:screenOrientation="unspecified" />
249-->src/main/AndroidManifest.xml:240:13-52
250
251        <provider
252            android:name="org.owntracks.android.ui.preferences.LogViewerActivity$ExportedLogContentProvider"
252-->src/main/AndroidManifest.xml:243:13-88
253            android:authorities="org.owntracks.android.debug.log"
253-->src/main/AndroidManifest.xml:244:13-55
254            android:exported="false"
254-->src/main/AndroidManifest.xml:245:13-37
255            android:grantUriPermissions="true" />
255-->src/main/AndroidManifest.xml:246:13-47
256
257        <service
257-->[androidx.work:work-runtime:2.4.0] AndroidManifest.xml:39:9-44:35
258            android:name="androidx.work.impl.background.systemalarm.SystemAlarmService"
258-->[androidx.work:work-runtime:2.4.0] AndroidManifest.xml:40:13-88
259            android:directBootAware="false"
259-->[androidx.work:work-runtime:2.4.0] AndroidManifest.xml:41:13-44
260            android:enabled="@bool/enable_system_alarm_service_default"
260-->[androidx.work:work-runtime:2.4.0] AndroidManifest.xml:42:13-72
261            android:exported="false" />
261-->[androidx.work:work-runtime:2.4.0] AndroidManifest.xml:43:13-37
262        <service
262-->[androidx.work:work-runtime:2.4.0] AndroidManifest.xml:45:9-51:35
263            android:name="androidx.work.impl.background.systemjob.SystemJobService"
263-->[androidx.work:work-runtime:2.4.0] AndroidManifest.xml:46:13-84
264            android:directBootAware="false"
264-->[androidx.work:work-runtime:2.4.0] AndroidManifest.xml:47:13-44
265            android:enabled="@bool/enable_system_job_service_default"
265-->[androidx.work:work-runtime:2.4.0] AndroidManifest.xml:48:13-70
266            android:exported="true"
266-->[androidx.work:work-runtime:2.4.0] AndroidManifest.xml:49:13-36
267            android:permission="android.permission.BIND_JOB_SERVICE" />
267-->[androidx.work:work-runtime:2.4.0] AndroidManifest.xml:50:13-69
268        <service
268-->[androidx.work:work-runtime:2.4.0] AndroidManifest.xml:52:9-57:35
269            android:name="androidx.work.impl.foreground.SystemForegroundService"
269-->[androidx.work:work-runtime:2.4.0] AndroidManifest.xml:53:13-81
270            android:directBootAware="false"
270-->[androidx.work:work-runtime:2.4.0] AndroidManifest.xml:54:13-44
271            android:enabled="@bool/enable_system_foreground_service_default"
271-->[androidx.work:work-runtime:2.4.0] AndroidManifest.xml:55:13-77
272            android:exported="false" />
272-->[androidx.work:work-runtime:2.4.0] AndroidManifest.xml:56:13-37
273
274        <receiver
274-->[androidx.work:work-runtime:2.4.0] AndroidManifest.xml:59:9-64:35
275            android:name="androidx.work.impl.utils.ForceStopRunnable$BroadcastReceiver"
275-->[androidx.work:work-runtime:2.4.0] AndroidManifest.xml:60:13-88
276            android:directBootAware="false"
276-->[androidx.work:work-runtime:2.4.0] AndroidManifest.xml:61:13-44
277            android:enabled="true"
277-->[androidx.work:work-runtime:2.4.0] AndroidManifest.xml:62:13-35
278            android:exported="false" />
278-->[androidx.work:work-runtime:2.4.0] AndroidManifest.xml:63:13-37
279        <receiver
279-->[androidx.work:work-runtime:2.4.0] AndroidManifest.xml:65:9-75:20
280            android:name="androidx.work.impl.background.systemalarm.ConstraintProxy$BatteryChargingProxy"
280-->[androidx.work:work-runtime:2.4.0] AndroidManifest.xml:66:13-106
281            android:directBootAware="false"
281-->[androidx.work:work-runtime:2.4.0] AndroidManifest.xml:67:13-44
282            android:enabled="false"
282-->[androidx.work:work-runtime:2.4.0] AndroidManifest.xml:68:13-36
283            android:exported="false" >
283-->[androidx.work:work-runtime:2.4.0] AndroidManifest.xml:69:13-37
284            <intent-filter>
284-->[androidx.work:work-runtime:2.4.0] AndroidManifest.xml:71:13-74:29
285                <action android:name="android.intent.action.ACTION_POWER_CONNECTED" />
285-->[androidx.work:work-runtime:2.4.0] AndroidManifest.xml:72:17-87
285-->[androidx.work:work-runtime:2.4.0] AndroidManifest.xml:72:25-84
286                <action android:name="android.intent.action.ACTION_POWER_DISCONNECTED" />
286-->[androidx.work:work-runtime:2.4.0] AndroidManifest.xml:73:17-90
286-->[androidx.work:work-runtime:2.4.0] AndroidManifest.xml:73:25-87
287            </intent-filter>
288        </receiver>
289        <receiver
289-->[androidx.work:work-runtime:2.4.0] AndroidManifest.xml:76:9-86:20
290            android:name="androidx.work.impl.background.systemalarm.ConstraintProxy$BatteryNotLowProxy"
290-->[androidx.work:work-runtime:2.4.0] AndroidManifest.xml:77:13-104
291            android:directBootAware="false"
291-->[androidx.work:work-runtime:2.4.0] AndroidManifest.xml:78:13-44
292            android:enabled="false"
292-->[androidx.work:work-runtime:2.4.0] AndroidManifest.xml:79:13-36
293            android:exported="false" >
293-->[androidx.work:work-runtime:2.4.0] AndroidManifest.xml:80:13-37
294            <intent-filter>
294-->[androidx.work:work-runtime:2.4.0] AndroidManifest.xml:82:13-85:29
295                <action android:name="android.intent.action.BATTERY_OKAY" />
295-->[androidx.work:work-runtime:2.4.0] AndroidManifest.xml:83:17-77
295-->[androidx.work:work-runtime:2.4.0] AndroidManifest.xml:83:25-74
296                <action android:name="android.intent.action.BATTERY_LOW" />
296-->[androidx.work:work-runtime:2.4.0] AndroidManifest.xml:84:17-76
296-->[androidx.work:work-runtime:2.4.0] AndroidManifest.xml:84:25-73
297            </intent-filter>
298        </receiver>
299        <receiver
299-->[androidx.work:work-runtime:2.4.0] AndroidManifest.xml:87:9-97:20
300            android:name="androidx.work.impl.background.systemalarm.ConstraintProxy$StorageNotLowProxy"
300-->[androidx.work:work-runtime:2.4.0] AndroidManifest.xml:88:13-104
301            android:directBootAware="false"
301-->[androidx.work:work-runtime:2.4.0] AndroidManifest.xml:89:13-44
302            android:enabled="false"
302-->[androidx.work:work-runtime:2.4.0] AndroidManifest.xml:90:13-36
303            android:exported="false" >
303-->[androidx.work:work-runtime:2.4.0] AndroidManifest.xml:91:13-37
304            <intent-filter>
304-->[androidx.work:work-runtime:2.4.0] AndroidManifest.xml:93:13-96:29
305                <action android:name="android.intent.action.DEVICE_STORAGE_LOW" />
305-->[androidx.work:work-runtime:2.4.0] AndroidManifest.xml:94:17-83
305-->[androidx.work:work-runtime:2.4.0] AndroidManifest.xml:94:25-80
306                <action android:name="android.intent.action.DEVICE_STORAGE_OK" />
306-->[androidx.work:work-runtime:2.4.0] AndroidManifest.xml:95:17-82
306-->[androidx.work:work-runtime:2.4.0] AndroidManifest.xml:95:25-79
307            </intent-filter>
308        </receiver>
309        <receiver
309-->[androidx.work:work-runtime:2.4.0] AndroidManifest.xml:98:9-107:20
310            android:name="androidx.work.impl.background.systemalarm.ConstraintProxy$NetworkStateProxy"
310-->[androidx.work:work-runtime:2.4.0] AndroidManifest.xml:99:13-103